<?xml version="1.0" encoding="UTF-8"?>
<!-- Generated by org.testng.reporters.JUnitReportReporter -->
<testsuite hostname="tejas" failures="0" tests="3" name="TNG.test_grp" time="0.024" errors="0" timestamp="2022-08-14T16:24:32 IST" skipped="0">
  <testcase classname="TNG.test_grp" name="m5" time="0.020"/>
  <system-out/>
  <testcase classname="TNG.test_grp" name="m4" time="0.001"/>
  <system-out/>
  <testcase classname="TNG.test_grp" name="m3" time="0.003"/>
  <system-out/>
</testsuite> <!-- TNG.test_grp -->
