<?xml version="1.0" encoding="UTF-8"?>
<!-- Generated by org.testng.reporters.JUnitReportReporter -->
<testsuite hostname="tejas" failures="0" tests="2" name="TNG.ano" time="0.022" errors="0" timestamp="2022-08-12T10:53:46 IST" skipped="0">
  <testcase classname="TNG.ano" name="test1" time="0.014"/>
  <system-out/>
  <testcase classname="TNG.ano" name="test2" time="0.008"/>
  <system-out/>
</testsuite> <!-- TNG.ano -->
