<?xml version="1.0" encoding="UTF-8"?>
<!-- Generated by org.testng.reporters.JUnitReportReporter -->
<testsuite hostname="tejas" failures="0" tests="2" name="TNG.inh_b" time="179.783" errors="0" timestamp="2022-08-14T15:16:52 IST" skipped="0">
  <testcase classname="TNG.inh_b" name="fba" time="138.037"/>
  <system-out/>
  <testcase classname="TNG.inh_b" name="fbh" time="41.746"/>
  <system-out/>
</testsuite> <!-- TNG.inh_b -->
