<?xml version="1.0" encoding="UTF-8"?>
<!-- Generated by org.testng.reporters.JUnitReportReporter -->
<testsuite hostname="tejas" failures="0" tests="1" name="cb.testScroll" time="64.502" errors="0" timestamp="2022-08-18T16:00:07 IST" skipped="0">
  <testcase classname="cb.testScroll" name="scroll" time="64.502"/>
  <system-out/>
</testsuite> <!-- cb.testScroll -->
