<?xml version="1.0" encoding="UTF-8"?>
<!-- Generated by org.testng.reporters.JUnitReportReporter -->
<testsuite hostname="tejas" failures="0" tests="1" name="TNG.test1" time="0.014" errors="0" timestamp="2022-08-14T15:08:20 IST" skipped="0">
  <testcase classname="TNG.test1" name="qa_tc_001" time="0.014"/>
  <system-out/>
</testsuite> <!-- TNG.test1 -->
