<?xml version="1.0" encoding="UTF-8"?>
<!-- Generated by org.testng.reporters.JUnitReportReporter -->
<testsuite hostname="tejas" failures="0" tests="5" name="TNG.testkey" time="0.013" errors="0" timestamp="2022-08-14T15:16:52 IST" skipped="1">
  <testcase classname="TNG.testkey" name="a" time="0.005"/>
  <system-out/>
  <testcase classname="TNG.testkey" name="c" time="0.002"/>
  <system-out/>
  <testcase classname="TNG.testkey" name="c" time="0.001"/>
  <system-out/>
  <testcase classname="TNG.testkey" name="d" time="0.005"/>
  <system-out/>
  <testcase classname="TNG.testkey" name="b">
    <skipped/>
  </testcase> <!-- b -->
  <system-out/>
</testsuite> <!-- TNG.testkey -->
